Determining if the pthread_create exist failed with the following output:
Change Dir: /home/ros_user/Desktop/CW2/build/CMakeFiles/CMakeTmp

Run Build Command:"/usr/bin/make" "cmTC_9992c/fast"
/usr/bin/make -f CMakeFiles/cmTC_9992c.dir/build.make CMakeFiles/cmTC_9992c.dir/build
make[1]: Entering directory '/home/ros_user/Desktop/CW2/build/CMakeFiles/CMakeTmp'
Building C object CMakeFiles/cmTC_9992c.dir/CheckSymbolExists.c.o
/usr/bin/cc     -o CMakeFiles/cmTC_9992c.dir/CheckSymbolExists.c.o   -c /home/ros_user/Desktop/CW2/build/CMakeFiles/CMakeTmp/CheckSymbolExists.c
Linking C executable cmTC_9992c
/usr/bin/cmake -E cmake_link_script CMakeFiles/cmTC_9992c.dir/link.txt --verbose=1
/usr/bin/cc       CMakeFiles/cmTC_9992c.dir/CheckSymbolExists.c.o  -o cmTC_9992c -rdynamic 
CMakeFiles/cmTC_9992c.dir/CheckSymbolExists.c.o: In function `main':
CheckSymbolExists.c:(.text+0x16): undefined reference to `pthread_create'
collect2: error: ld returned 1 exit status
CMakeFiles/cmTC_9992c.dir/build.make:97: recipe for target 'cmTC_9992c' failed
make[1]: *** [cmTC_9992c] Error 1
make[1]: Leaving directory '/home/ros_user/Desktop/CW2/build/CMakeFiles/CMakeTmp'
Makefile:126: recipe for target 'cmTC_9992c/fast' failed
make: *** [cmTC_9992c/fast] Error 2

File /home/ros_user/Desktop/CW2/build/CMakeFiles/CMakeTmp/CheckSymbolExists.c:
/* */
#include <pthread.h>

int main(int argc, char** argv)
{
  (void)argv;
#ifndef pthread_create
  return ((int*)(&pthread_create))[argc];
#else
  (void)argc;
  return 0;
#endif
}

Determining if the function pthread_create exists in the pthreads failed with the following output:
Change Dir: /home/ros_user/Desktop/CW2/build/CMakeFiles/CMakeTmp

Run Build Command:"/usr/bin/make" "cmTC_8f597/fast"
/usr/bin/make -f CMakeFiles/cmTC_8f597.dir/build.make CMakeFiles/cmTC_8f597.dir/build
make[1]: Entering directory '/home/ros_user/Desktop/CW2/build/CMakeFiles/CMakeTmp'
Building C object CMakeFiles/cmTC_8f597.dir/CheckFunctionExists.c.o
/usr/bin/cc    -DCHECK_FUNCTION_EXISTS=pthread_create   -o CMakeFiles/cmTC_8f597.dir/CheckFunctionExists.c.o   -c /usr/share/cmake-3.5/Modules/CheckFunctionExists.c
Linking C executable cmTC_8f597
/usr/bin/cmake -E cmake_link_script CMakeFiles/cmTC_8f597.dir/link.txt --verbose=1
/usr/bin/cc   -DCHECK_FUNCTION_EXISTS=pthread_create    CMakeFiles/cmTC_8f597.dir/CheckFunctionExists.c.o  -o cmTC_8f597 -rdynamic -lpthreads 
/usr/bin/ld: cannot find -lpthreads
collect2: error: ld returned 1 exit status
CMakeFiles/cmTC_8f597.dir/build.make:97: recipe for target 'cmTC_8f597' failed
make[1]: *** [cmTC_8f597] Error 1
make[1]: Leaving directory '/home/ros_user/Desktop/CW2/build/CMakeFiles/CMakeTmp'
Makefile:126: recipe for target 'cmTC_8f597/fast' failed
make: *** [cmTC_8f597/fast] Error 2


Determining if the Q_WS_WIN exist failed with the following output:
Change Dir: /home/ros_user/Desktop/CW2/build/CMakeFiles/CMakeTmp

Run Build Command:"/usr/bin/make" "cmTC_698e0/fast"
/usr/bin/make -f CMakeFiles/cmTC_698e0.dir/build.make CMakeFiles/cmTC_698e0.dir/build
make[1]: Entering directory '/home/ros_user/Desktop/CW2/build/CMakeFiles/CMakeTmp'
Building CXX object CMakeFiles/cmTC_698e0.dir/CheckSymbolExists.cxx.o
/usr/bin/c++    -I/usr/include/qt4   -o CMakeFiles/cmTC_698e0.dir/CheckSymbolExists.cxx.o -c /home/ros_user/Desktop/CW2/build/CMakeFiles/CMakeTmp/CheckSymbolExists.cxx
/home/ros_user/Desktop/CW2/build/CMakeFiles/CMakeTmp/CheckSymbolExists.cxx: In function ‘int main(int, char**)’:
/home/ros_user/Desktop/CW2/build/CMakeFiles/CMakeTmp/CheckSymbolExists.cxx:8:19: error: ‘Q_WS_WIN’ was not declared in this scope
   return ((int*)(&Q_WS_WIN))[argc];
                   ^
CMakeFiles/cmTC_698e0.dir/build.make:65: recipe for target 'CMakeFiles/cmTC_698e0.dir/CheckSymbolExists.cxx.o' failed
make[1]: *** [CMakeFiles/cmTC_698e0.dir/CheckSymbolExists.cxx.o] Error 1
make[1]: Leaving directory '/home/ros_user/Desktop/CW2/build/CMakeFiles/CMakeTmp'
Makefile:126: recipe for target 'cmTC_698e0/fast' failed
make: *** [cmTC_698e0/fast] Error 2

File /home/ros_user/Desktop/CW2/build/CMakeFiles/CMakeTmp/CheckSymbolExists.cxx:
/* */
#include <QtCore/qglobal.h>

int main(int argc, char** argv)
{
  (void)argv;
#ifndef Q_WS_WIN
  return ((int*)(&Q_WS_WIN))[argc];
#else
  (void)argc;
  return 0;
#endif
}

Determining if the Q_WS_QWS exist failed with the following output:
Change Dir: /home/ros_user/Desktop/CW2/build/CMakeFiles/CMakeTmp

Run Build Command:"/usr/bin/make" "cmTC_81f16/fast"
/usr/bin/make -f CMakeFiles/cmTC_81f16.dir/build.make CMakeFiles/cmTC_81f16.dir/build
make[1]: Entering directory '/home/ros_user/Desktop/CW2/build/CMakeFiles/CMakeTmp'
Building CXX object CMakeFiles/cmTC_81f16.dir/CheckSymbolExists.cxx.o
/usr/bin/c++    -I/usr/include/qt4   -o CMakeFiles/cmTC_81f16.dir/CheckSymbolExists.cxx.o -c /home/ros_user/Desktop/CW2/build/CMakeFiles/CMakeTmp/CheckSymbolExists.cxx
/home/ros_user/Desktop/CW2/build/CMakeFiles/CMakeTmp/CheckSymbolExists.cxx: In function ‘int main(int, char**)’:
/home/ros_user/Desktop/CW2/build/CMakeFiles/CMakeTmp/CheckSymbolExists.cxx:8:19: error: ‘Q_WS_QWS’ was not declared in this scope
   return ((int*)(&Q_WS_QWS))[argc];
                   ^
CMakeFiles/cmTC_81f16.dir/build.make:65: recipe for target 'CMakeFiles/cmTC_81f16.dir/CheckSymbolExists.cxx.o' failed
make[1]: *** [CMakeFiles/cmTC_81f16.dir/CheckSymbolExists.cxx.o] Error 1
make[1]: Leaving directory '/home/ros_user/Desktop/CW2/build/CMakeFiles/CMakeTmp'
Makefile:126: recipe for target 'cmTC_81f16/fast' failed
make: *** [cmTC_81f16/fast] Error 2

File /home/ros_user/Desktop/CW2/build/CMakeFiles/CMakeTmp/CheckSymbolExists.cxx:
/* */
#include <QtCore/qglobal.h>

int main(int argc, char** argv)
{
  (void)argv;
#ifndef Q_WS_QWS
  return ((int*)(&Q_WS_QWS))[argc];
#else
  (void)argc;
  return 0;
#endif
}

Determining if the Q_WS_MAC exist failed with the following output:
Change Dir: /home/ros_user/Desktop/CW2/build/CMakeFiles/CMakeTmp

Run Build Command:"/usr/bin/make" "cmTC_5b137/fast"
/usr/bin/make -f CMakeFiles/cmTC_5b137.dir/build.make CMakeFiles/cmTC_5b137.dir/build
make[1]: Entering directory '/home/ros_user/Desktop/CW2/build/CMakeFiles/CMakeTmp'
Building CXX object CMakeFiles/cmTC_5b137.dir/CheckSymbolExists.cxx.o
/usr/bin/c++    -I/usr/include/qt4   -o CMakeFiles/cmTC_5b137.dir/CheckSymbolExists.cxx.o -c /home/ros_user/Desktop/CW2/build/CMakeFiles/CMakeTmp/CheckSymbolExists.cxx
/home/ros_user/Desktop/CW2/build/CMakeFiles/CMakeTmp/CheckSymbolExists.cxx: In function ‘int main(int, char**)’:
/home/ros_user/Desktop/CW2/build/CMakeFiles/CMakeTmp/CheckSymbolExists.cxx:8:19: error: ‘Q_WS_MAC’ was not declared in this scope
   return ((int*)(&Q_WS_MAC))[argc];
                   ^
CMakeFiles/cmTC_5b137.dir/build.make:65: recipe for target 'CMakeFiles/cmTC_5b137.dir/CheckSymbolExists.cxx.o' failed
make[1]: *** [CMakeFiles/cmTC_5b137.dir/CheckSymbolExists.cxx.o] Error 1
make[1]: Leaving directory '/home/ros_user/Desktop/CW2/build/CMakeFiles/CMakeTmp'
Makefile:126: recipe for target 'cmTC_5b137/fast' failed
make: *** [cmTC_5b137/fast] Error 2

File /home/ros_user/Desktop/CW2/build/CMakeFiles/CMakeTmp/CheckSymbolExists.cxx:
/* */
#include <QtCore/qglobal.h>

int main(int argc, char** argv)
{
  (void)argv;
#ifndef Q_WS_MAC
  return ((int*)(&Q_WS_MAC))[argc];
#else
  (void)argc;
  return 0;
#endif
}

